#At time x process y state arr w total z remain y wait k
At time 1 process 1 Started arr 1 total 6 remain 6 wait 0
At time 2 process 1 Stopped arr 1 total 6 remain 5 wait 0
At time 2 process 2 Started arr 1 total 2 remain 2 wait 1
At time 3 process 2 Stopped arr 1 total 2 remain 1 wait 1
At time 3 process 1 Resumed arr 1 total 6 remain 5 wait 1
At time 4 process 1 Stopped arr 1 total 6 remain 4 wait 1
At time 4 process 2 Resumed arr 1 total 2 remain 1 wait 2
At time 5 process 2 Finished arr 1 total 2 remain 0 wait 2 TA 4 WTA 2.00
At time 5 process 3 Started arr 3 total 4 remain 4 wait 2
At time 6 process 3 Stopped arr 3 total 4 remain 3 wait 2
At time 6 process 1 Resumed arr 1 total 6 remain 4 wait 3
At time 7 process 1 Stopped arr 1 total 6 remain 3 wait 3
At time 7 process 3 Resumed arr 3 total 4 remain 3 wait 3
At time 8 process 3 Stopped arr 3 total 4 remain 2 wait 3
At time 8 process 1 Resumed arr 1 total 6 remain 3 wait 4
At time 9 process 1 Stopped arr 1 total 6 remain 2 wait 4
At time 9 process 3 Resumed arr 3 total 4 remain 2 wait 4
At time 10 process 3 Stopped arr 3 total 4 remain 1 wait 4
At time 10 process 4 Started arr 9 total 3 remain 3 wait 1
At time 11 process 4 Stopped arr 9 total 3 remain 2 wait 1
At time 11 process 1 Resumed arr 1 total 6 remain 2 wait 6
At time 12 process 1 Stopped arr 1 total 6 remain 1 wait 6
At time 12 process 3 Resumed arr 3 total 4 remain 1 wait 6
At time 13 process 3 Finished arr 3 total 4 remain 0 wait 6 TA 10 WTA 2.50
At time 13 process 4 Resumed arr 9 total 3 remain 2 wait 3
At time 14 process 4 Stopped arr 9 total 3 remain 1 wait 3
At time 14 process 5 Started arr 12 total 5 remain 5 wait 2
At time 15 process 5 Stopped arr 12 total 5 remain 4 wait 2
At time 15 process 1 Resumed arr 1 total 6 remain 1 wait 9
At time 16 process 1 Finished arr 1 total 6 remain 0 wait 9 TA 15 WTA 2.50
At time 16 process 4 Resumed arr 9 total 3 remain 1 wait 5
At time 17 process 4 Finished arr 9 total 3 remain 0 wait 5 TA 8 WTA 2.67
At time 17 process 5 Resumed arr 12 total 5 remain 4 wait 4
At time 18 process 5 Stopped arr 12 total 5 remain 3 wait 4
At time 18 process 5 Resumed arr 12 total 5 remain 3 wait 4
At time 19 process 5 Stopped arr 12 total 5 remain 2 wait 4
At time 19 process 5 Resumed arr 12 total 5 remain 2 wait 4
At time 20 process 5 Stopped arr 12 total 5 remain 1 wait 4
At time 20 process 5 Resumed arr 12 total 5 remain 1 wait 4
At time 21 process 5 Finished arr 12 total 5 remain 0 wait 4 TA 9 WTA 1.80
